<?xml version="1.0" encoding="UTF-8"?>
<testsuite xmlns:xsi="http://www.w3.org/2001/XMLSchema-instance" xsi:noNamespaceSchemaLocation="https://maven.apache.org/surefire/maven-surefire-plugin/xsd/surefire-test-report.xsd" name="selenium.AppTest" time="10.728" tests="1" errors="0" skipped="0" failures="1">
  <properties>
[...]
</properties>
  <testcase name="shouldAnswerWithTrue" classname="selenium.AppTest" time="10.707">
    <failure message="expected:&lt;HandBook Devops[]&gt; but was:&lt;HandBook Devops[ - Buscar con Google]&gt;" type="org.junit.ComparisonFailure"><![CDATA[org.junit.ComparisonFailure: expected:<HandBook Devops[]> but was:<HandBook Devops[ - Buscar con Google]>
	at selenium.AppTest.shouldAnswerWithTrue(AppTest.java:40)
]]></failure>
    <system-out><![CDATA[Iniciando configuración...
https://www.amazon.com/
Amazon.com: Compras en Línea de Electrónicos, Ropa, Computadoras, Libros, DVDs y más
Iniciando Pruebas...
]]></system-out>
    <system-err><![CDATA[Starting ChromeDriver 87.0.4280.88 (89e2380a3e36c3464b5dd1302349b1382549290d-refs/branch-heads/4280@{#1761}) on port 2974
Only local connections are allowed.
Please see https://chromedriver.chromium.org/security-considerations for suggestions on keeping ChromeDriver safe.
ChromeDriver was started successfully.
ene. 25, 2021 9:40:57 P. M. org.openqa.selenium.remote.ProtocolHandshake createSession
INFO: Detected dialect: W3C
]]></system-err>
  </testcase>
</testsuite>